v0.1 2018/08/29
　　　原始版本,添加rm_nuse_file.sh脚本删除无关文件

v0.2 2018/09/22
     初识u-boot移植实践：
　　　　　a、添加板子的编译规则
　　　　　　　　itop4412_linux_config:  unconfig
    　　　　	@$(MKCONFIG) $(@:_config=) arm arm_cortexa9 smdkc210 samsung s5pc210

　　　　　b、在include/configs/添加板级配置头文件，demo板是tc4，所以以tc4板级的配置头文件为基础：
   　　　　　cp tc4_android.h itop4412_linux.h
　　　　　　　　
　　　  c、修改板子显示名称、u-boot命令解析控制台提示符
	“U-Boot 2010.03 (Sep 22 2018 - 11:12:28) for TC4 Android”,将 ‘for TC4 Android’ 改成 ‘for itop linux’
	Board:  TC4- 修改为 Board:  itop4412
	命令提示符：TC4 #  修改为：itop4412 # 

	//include/config/itop4412_linux.h
	-#define CONFIG_DEVICE_STRING    "TC4-"
	+#define CONFIG_DEVICE_STRING    "itop4412"

	-#define CONFIG_IDENT_STRING   " for TC4 Android"
	+#define CONFIG_IDENT_STRING " for itop linux"



	-#define CONFIG_SYS_PROMPT              "TC4 # "   
	+#define CONFIG_SYS_PROMPT              "itop4412 # "
 
　　　　　d、适配电源管理芯片S5M8767
	PMIC: Pls check the i2c @ pmic, id = 21,error 添加id = 21 的适配，板子上使用的电源管理芯片是S5M8767
	// cpu/arm_cortexa9/s5pc210/pmic.c
	void PMIC_InitIp(void)
	{
		.....
		else if( id == 0x3
		+	　|| (0x15 == id)
			)
		{
			printf("S5M8767(VER5.0)\n");
			Is_TC4_Dvt = 2;
		}
		......
	}

v0.3 2018/09/27
     初始化DDR3移植
　　　　　DMC-0 和　DMC-1　上分别接了512MB　32位的内存，DMC-0 上的AXI 基地址地址是0x4000_0000 ，DMC-1　上的AXI 基地址是0xA000_0000
　　　配置寄存器MEMCONTROL、MEMCONFIG0、TIMINGAREF
　　　　　//include/configs/itop4412_linux.h
     +    #define SDRAM_DMC_MEMCONTROL_VAL   0x00302600    /* bl is 0x3;mem_type is 0x6  */
     +    #define SDRAM_DMC_TIMINGAREF_VAL	0x00000C30    /* dram clock:400MHz*/
     +    #define SDRAM_DMC0_MEMCONFIG0_VAL  0x40E01323    /* base:0x40,mask:E0(off:0~0x1fffffff),col:10bit,row:14bit,bank:8 */
     +    #define SDRAM_DMC1_MEMCONFIG0_VAL  0xA0E01323    /* base:0xA0,mask:E0(off:0~0x10000000),col:10bit,row:14bit,bank:8 */

    //cpu/arm_cortexa9/s5pc210/cpu_init.S:mem_ctrl_asm_init
    // DREX0
    -   ldr	r1, =0x00202500	
    +   ldr	r1, =SDRAM_DMC_MEMCONTROL_VAL  
        str	r1, [r0, #DMC_MEMCONTROL]
	
    -   ldr	r1, =0x40C01323
    +   ldr	r1, =SDRAM_DMC0_MEMCONFIG0_VAL 
        str	r1, [r0, #DMC_MEMCONFIG0]

    -   ldr	r1, =0x0000005D  
    +   ldr	r1, =SDRAM_DMC_TIMINGAREF_VAL 				
        str	r1, [r0, #DMC_TIMINGAREF]

    // DREX1
    -   ldr	r1, =0x00202500	
    +   ldr	r1, =SDRAM_DMC_MEMCONTROL_VAL  
        str	r1, [r0, #DMC_MEMCONTROL]
	
    -   ldr	r1, =0x40C01323
    +   ldr	r1, =SDRAM_DMC1_MEMCONFIG0_VAL 
        str	r1, [r0, #DMC_MEMCONFIG0]

    -   ldr	r1, =0x0000005D  
    +   ldr	r1, =SDRAM_DMC_TIMINGAREF_VAL 				
        str	r1, [r0, #DMC_TIMINGAREF]

v0.4 2018/09/28
     a、增加访问DMC-1上内存的虚拟地址映射，将虚拟地址0x6000_0000 ~ 0x7FFF_FFFF 映射到DMC-1内存的0xA000_0000起连续的512MB的空间
　　　　　     //board/samsung/smdkc210/lowlevel_init.S:mmu_table
    +     .set __base,0xa00
    +     // 512MB for SDRAM with cacheable
    +     .rept 0x800 - 0x600
    +     FL_SECTION_ENTRY __base,3,0,1,1
    +     .set __base,__base+1
    +     .endr
	
          // access is not allowed.
    -     .rept 0xc00 - 0x600
    +     .rept 0xc00 - 0x800
          .word 0x00000000
          .endr
　　　　　
    　　b、修改每个的bank的大小为128MB
          //include/configs/itop4412_linux.h
    -     #define SDRAM_BANK_SIZE         0x10000000	/* each bank has 256 MB */
    +     #define SDRAM_BANK_SIZE         0x10000000/2	/* each bank has 128 MB */

      c、修改打印SDRAM的内存大小
　　　　　　　　//lib_arm/board.c:display_dram_config
   　　　　　static int display_dram_config (void)
　　　　　　　　{
　　　　　　　　　　　　……
	　　　　for (i=0; i<CONFIG_NR_DRAM_BANKS; i++) {
		size += gd->bd->bi_dram[i].size;
	　　　　}

　　　　+　　　　　　　　/* modify 20180928 */
　　　　+　　　　　　　#ifdef CONFIG_TRUSTZONE
    +     　　　　　　　　　size += 0x100000;
　　　　+　　　　　　　#endif
　　　　+　　　　　　　/*modify end */

	　　　　puts("DRAM:	");
	　　　　……
　　　　　　　　}

     d、unrecognised EXT_CSD structure version 7
　　　　　   //drivers/mmc/mmc.c:mmc_read_ext_csd
        static int mmc_read_ext_csd(struct mmc *host)
        {
            ……
        -   if (ext_csd_struct > 5) {
	+   if (ext_csd_struct > 7) {
		printf("unrecognised EXT_CSD structure "
			"version %d\n", ext_csd_struct);
		err = -1;
		goto out;
	     }
            ……
        }


v1.0 2018/10/11
   添加bootargs环境变量，通过bootargs变量配置根文件系统挂载路劲、串口配置
   // include/configs/itop4412_linux.h
   +  #define CONFIG_BOOTARGS \
      “root=/dev/mmcblk0p2 rootfstype=ext4  init=/linuxrc console=ttySAC2,115200”















